********************************************************************************
product = Open Liberty 21.0.0.2 (wlp-1.0.49.cl210220210208-1100)
wlp.install.dir = /Users/emmanuel.ramos2@ibm.com/Documents/GitHub/sample.daytrader9/target/liberty/wlp/
java.home = /Library/Java/JavaVirtualMachines/jdk1.8.0_181.jdk/Contents/Home/jre
java.version = 1.8.0_181
java.runtime = Java(TM) SE Runtime Environment (1.8.0_181-b13)
os = Mac OS X (10.15.7; x86_64) (en_US)
process = 67549@emmanuels-mbp.lan
********************************************************************************
[2/9/21 11:51:29:409 EST] 00000001 com.ibm.ws.kernel.launch.internal.FrameworkManager           A CWWKE0001I: The server defaultServer has been launched.
[2/9/21 11:51:31:634 EST] 00000001 com.ibm.ws.kernel.launch.internal.FrameworkManager           I CWWKE0002I: The kernel started after 2.516 seconds
[2/9/21 11:51:32:044 EST] 0000001f com.ibm.ws.kernel.feature.internal.FeatureManager            I CWWKF0007I: Feature update started.
[2/9/21 11:51:34:934 EST] 00000017 com.ibm.ws.app.manager.internal.monitor.DropinMonitor        A CWWKZ0058I: Monitoring dropins for applications.
[2/9/21 11:51:36:281 EST] 00000014 com.ibm.ws.sib.utils.ras.SibMessage                          I  CWSIS1553I: The minimum reserved size in the configuration information of the permanent store file is 20,971,520 bytes. The maximum size is 209,715,200 bytes.
[2/9/21 11:51:36:284 EST] 00000014 com.ibm.ws.sib.utils.ras.SibMessage                          I  CWSIS1557I: The minimum reserved size in the configuration information of the temporary store file is 20,971,520 bytes. The maximum size is 209,715,200 bytes.
[2/9/21 11:51:36:782 EST] 00000014 com.ibm.ws.sib.utils.ras.SibMessage                          I  CWSID0108I: JMS server has started.  
[2/9/21 11:51:37:087 EST] 0000001b com.ibm.ws.ssl.config.WSKeyStore                             I CWPKI0802I: Creating the SSL certificate. This may take a few seconds.
[2/9/21 11:51:37:780 EST] 00000016 com.ibm.ws.transport.iiop.internal.ORBWrapperInternal        A CWWKI0001I: The CORBA name server is now available at corbaloc:iiop:localhost:2809/NameService.
[2/9/21 11:51:39:418 EST] 0000002b com.ibm.ws.app.manager.AppMessageHelper                      I CWWKZ0018I: Starting application io.openliberty.sample.daytrader9.
[2/9/21 11:51:39:422 EST] 0000002b bm.ws.app.manager.war.internal.WARDeployedAppInfoFactoryImpl I CWWKZ0134I: The io.openliberty.sample.daytrader9 application is using the loose application definition at the /Users/emmanuel.ramos2@ibm.com/Documents/GitHub/sample.daytrader9/target/liberty/wlp/usr/servers/defaultServer/apps/io.openliberty.sample.daytrader9.war.xml location.
[2/9/21 11:51:39:851 EST] 0000001b com.ibm.ws.ssl.config.WSKeyStore                             A CWPKI0803A: SSL certificate created in 2.764 seconds. SSL key file: /Users/emmanuel.ramos2@ibm.com/Documents/GitHub/sample.daytrader9/target/liberty/wlp/usr/servers/defaultServer/resources/security/key.p12
[2/9/21 11:51:39:857 EST] 0000001b com.ibm.ws.ssl.config.WSKeyStore                             I Successfully loaded default keystore: /Users/emmanuel.ramos2@ibm.com/Documents/GitHub/sample.daytrader9/target/liberty/wlp/usr/servers/defaultServer/resources/security/key.p12 of type: PKCS12
[2/9/21 11:51:41:882 EST] 0000002b com.ibm.ws.jca.cm.ConnectorService                           I J2CA8050I: An authentication alias should be used instead of defining a user name and password on dataSource[DefaultDataSource].
[2/9/21 11:51:42:176 EST] 0000002b com.ibm.ws.recoverylog.spi.RecoveryDirectorImpl              I CWRLS0010I: Performing recovery processing for local WebSphere server (defaultServer).
[2/9/21 11:51:42:233 EST] 00000051 com.ibm.ws.recoverylog.spi.LogHandle                         I CWRLS0007I: No existing recovery log files found in /Users/emmanuel.ramos2@ibm.com/Documents/GitHub/sample.daytrader9/target/liberty/wlp/usr/servers/defaultServer/tranlog/tranlog. Cold starting the recovery log.
[2/9/21 11:51:42:233 EST] 00000051 com.ibm.ws.recoverylog.spi.LogFileHandle                     I CWRLS0006I: Creating new recovery log file /Users/emmanuel.ramos2@ibm.com/Documents/GitHub/sample.daytrader9/target/liberty/wlp/usr/servers/defaultServer/tranlog/tranlog/log1.
[2/9/21 11:51:42:241 EST] 00000051 com.ibm.ws.recoverylog.spi.LogFileHandle                     I CWRLS0006I: Creating new recovery log file /Users/emmanuel.ramos2@ibm.com/Documents/GitHub/sample.daytrader9/target/liberty/wlp/usr/servers/defaultServer/tranlog/tranlog/log2.
[2/9/21 11:51:42:261 EST] 00000051 com.ibm.ws.recoverylog.spi.LogHandle                         I CWRLS0007I: No existing recovery log files found in /Users/emmanuel.ramos2@ibm.com/Documents/GitHub/sample.daytrader9/target/liberty/wlp/usr/servers/defaultServer/tranlog/partnerlog. Cold starting the recovery log.
[2/9/21 11:51:42:261 EST] 00000051 com.ibm.ws.recoverylog.spi.LogFileHandle                     I CWRLS0006I: Creating new recovery log file /Users/emmanuel.ramos2@ibm.com/Documents/GitHub/sample.daytrader9/target/liberty/wlp/usr/servers/defaultServer/tranlog/partnerlog/log1.
[2/9/21 11:51:42:262 EST] 00000051 com.ibm.ws.recoverylog.spi.LogFileHandle                     I CWRLS0006I: Creating new recovery log file /Users/emmanuel.ramos2@ibm.com/Documents/GitHub/sample.daytrader9/target/liberty/wlp/usr/servers/defaultServer/tranlog/partnerlog/log2.
[2/9/21 11:51:42:333 EST] 0000002b com.ibm.ws.recoverylog.spi.RecoveryDirectorImpl              I CWRLS0012I: All persistent services have been directed to perform recovery processing for this WebSphere server (defaultServer).
[2/9/21 11:51:42:333 EST] 00000051 com.ibm.tx.jta.impl.RecoveryManager                          I WTRN0135I: Transaction service recovering no transactions.
[2/9/21 11:51:43:697 EST] 0000002b org.jboss.weld.Version                                       I WELD-000900: 4.0.0 (Beta5)
[2/9/21 11:51:46:251 EST] 0000002b org.jboss.weld.Event                                         I WELD-000411: Observer method [BackedAnnotatedMethod] org.apache.myfaces.cdi.JsfArtifactProducerExtension.processAnnotatedType(@Observes ProcessAnnotatedType<T>, BeanManager) receives events for all annotated types. Consider restricting events using @WithAnnotations or a generic type with bounds.
[2/9/21 11:51:46:271 EST] 0000002b org.jboss.weld.Event                                         I WELD-000411: Observer method [BackedAnnotatedMethod] org.apache.myfaces.config.annotation.CdiAnnotationProviderExtension.processAnnotatedType(@Observes ProcessAnnotatedType<T>) receives events for all annotated types. Consider restricting events using @WithAnnotations or a generic type with bounds.
[2/9/21 11:51:46:381 EST] 0000002b org.hibernate.validator.internal.util.Version                I HV000001: Hibernate Validator 7.0.0.Final
[2/9/21 11:51:48:610 EST] 0000002b com.ibm.ws.session.WASSessionCore                            I SESN8501I: The session manager did not find a persistent storage location; HttpSession objects will be stored in the local application server's memory.
[2/9/21 11:51:48:621 EST] 0000002b com.ibm.ws.ejbcontainer.osgi.internal.EJBRuntimeImpl         I CNTR4000I: The io.openliberty.sample.daytrader9.war EJB module in the io.openliberty.sample.daytrader9 application is starting.
[2/9/21 11:51:48:700 EST] 0000002b com.ibm.ws.ejbcontainer.osgi.internal.NameSpaceBinderImpl    I CNTR0167I: The server is binding the com.ibm.websphere.samples.daytrader.interfaces.TradeServices interface of the DirectSLSBBean enterprise bean in the io.openliberty.sample.daytrader9.war module of the io.openliberty.sample.daytrader9 application.  The binding location is: ejblocal:io.openliberty.sample.daytrader9/io.openliberty.sample.daytrader9.war/DirectSLSBBean#com.ibm.websphere.samples.daytrader.interfaces.TradeServices
[2/9/21 11:51:48:706 EST] 0000002b com.ibm.ws.ejbcontainer.osgi.internal.NameSpaceBinderImpl    I CNTR0167I: The server is binding the com.ibm.websphere.samples.daytrader.interfaces.TradeServices interface of the DirectSLSBBean enterprise bean in the io.openliberty.sample.daytrader9.war module of the io.openliberty.sample.daytrader9 application.  The binding location is: ejblocal:com.ibm.websphere.samples.daytrader.interfaces.TradeServices
[2/9/21 11:51:48:706 EST] 0000002b com.ibm.ws.ejbcontainer.runtime.AbstractEJBRuntime           I CNTR0167I: The server is binding the com.ibm.websphere.samples.daytrader.interfaces.TradeServices interface of the DirectSLSBBean enterprise bean in the io.openliberty.sample.daytrader9.war module of the io.openliberty.sample.daytrader9 application.  The binding location is: java:global/io.openliberty.sample.daytrader9/DirectSLSBBean!com.ibm.websphere.samples.daytrader.interfaces.TradeServices
[2/9/21 11:51:48:707 EST] 0000002b com.ibm.ws.ejbcontainer.osgi.internal.NameSpaceBinderImpl    I CNTR0167I: The server is binding the com.ibm.websphere.samples.daytrader.interfaces.TradeServices interface of the TradeSLSBBean enterprise bean in the io.openliberty.sample.daytrader9.war module of the io.openliberty.sample.daytrader9 application.  The binding location is: ejblocal:io.openliberty.sample.daytrader9/io.openliberty.sample.daytrader9.war/TradeSLSBBean#com.ibm.websphere.samples.daytrader.interfaces.TradeServices
[2/9/21 11:51:48:707 EST] 0000002b com.ibm.ws.ejbcontainer.runtime.AbstractEJBRuntime           I CNTR0167I: The server is binding the com.ibm.websphere.samples.daytrader.interfaces.TradeServices interface of the TradeSLSBBean enterprise bean in the io.openliberty.sample.daytrader9.war module of the io.openliberty.sample.daytrader9 application.  The binding location is: java:global/io.openliberty.sample.daytrader9/TradeSLSBBean!com.ibm.websphere.samples.daytrader.interfaces.TradeServices
[2/9/21 11:51:48:707 EST] 0000002b com.ibm.ws.ejbcontainer.osgi.internal.NameSpaceBinderImpl    I CNTR0167I: The server is binding the com.ibm.websphere.samples.daytrader.web.prims.cdi.PingEJBIFace interface of the PingEJBLocal enterprise bean in the io.openliberty.sample.daytrader9.war module of the io.openliberty.sample.daytrader9 application.  The binding location is: ejblocal:io.openliberty.sample.daytrader9/io.openliberty.sample.daytrader9.war/PingEJBLocal#com.ibm.websphere.samples.daytrader.web.prims.cdi.PingEJBIFace
[2/9/21 11:51:48:707 EST] 0000002b com.ibm.ws.ejbcontainer.osgi.internal.NameSpaceBinderImpl    I CNTR0167I: The server is binding the com.ibm.websphere.samples.daytrader.web.prims.cdi.PingEJBIFace interface of the PingEJBLocal enterprise bean in the io.openliberty.sample.daytrader9.war module of the io.openliberty.sample.daytrader9 application.  The binding location is: ejblocal:com.ibm.websphere.samples.daytrader.web.prims.cdi.PingEJBIFace
[2/9/21 11:51:48:708 EST] 0000002b com.ibm.ws.ejbcontainer.runtime.AbstractEJBRuntime           I CNTR0167I: The server is binding the com.ibm.websphere.samples.daytrader.web.prims.cdi.PingEJBIFace interface of the PingEJBLocal enterprise bean in the io.openliberty.sample.daytrader9.war module of the io.openliberty.sample.daytrader9 application.  The binding location is: java:global/io.openliberty.sample.daytrader9/PingEJBLocal!com.ibm.websphere.samples.daytrader.web.prims.cdi.PingEJBIFace
[2/9/21 11:51:48:708 EST] 0000002b com.ibm.ws.ejbcontainer.osgi.internal.NameSpaceBinderImpl    I CNTR0167I: The server is binding the com.ibm.websphere.samples.daytrader.impl.ejb3.MarketSummarySingleton interface of the MarketSummarySingleton enterprise bean in the io.openliberty.sample.daytrader9.war module of the io.openliberty.sample.daytrader9 application.  The binding location is: ejblocal:io.openliberty.sample.daytrader9/io.openliberty.sample.daytrader9.war/MarketSummarySingleton#com.ibm.websphere.samples.daytrader.impl.ejb3.MarketSummarySingleton
[2/9/21 11:51:48:708 EST] 0000002b com.ibm.ws.ejbcontainer.osgi.internal.NameSpaceBinderImpl    I CNTR0167I: The server is binding the com.ibm.websphere.samples.daytrader.impl.ejb3.MarketSummarySingleton interface of the MarketSummarySingleton enterprise bean in the io.openliberty.sample.daytrader9.war module of the io.openliberty.sample.daytrader9 application.  The binding location is: ejblocal:com.ibm.websphere.samples.daytrader.impl.ejb3.MarketSummarySingleton
[2/9/21 11:51:48:708 EST] 0000002b com.ibm.ws.ejbcontainer.runtime.AbstractEJBRuntime           I CNTR0167I: The server is binding the com.ibm.websphere.samples.daytrader.impl.ejb3.MarketSummarySingleton interface of the MarketSummarySingleton enterprise bean in the io.openliberty.sample.daytrader9.war module of the io.openliberty.sample.daytrader9 application.  The binding location is: java:global/io.openliberty.sample.daytrader9/MarketSummarySingleton!com.ibm.websphere.samples.daytrader.impl.ejb3.MarketSummarySingleton
[2/9/21 11:51:48:708 EST] 0000002b com.ibm.ws.ejbcontainer.runtime.AbstractEJBRuntime           I CNTR0180I: The DTStreamer3MDB message-driven bean in the io.openliberty.sample.daytrader9.war module of the io.openliberty.sample.daytrader9 application is bound to the io.openliberty.sample.daytrader9/DTStreamer3MDB activation specification.
[2/9/21 11:51:48:709 EST] 0000002b com.ibm.ws.ejbcontainer.runtime.AbstractEJBRuntime           I CNTR0180I: The DTBroker3MDB message-driven bean in the io.openliberty.sample.daytrader9.war module of the io.openliberty.sample.daytrader9 application is bound to the io.openliberty.sample.daytrader9/DTBroker3MDB activation specification.
[2/9/21 11:51:48:728 EST] 0000002b com.ibm.ws.ejbcontainer.runtime.AbstractEJBRuntime           I CNTR0219I: The server created 0 persistent automatic timer or timers and 1 non-persistent automatic timer or timers for the io.openliberty.sample.daytrader9.war module.
[2/9/21 11:51:48:728 EST] 0000002b com.ibm.ws.ejbcontainer.osgi.internal.EJBRuntimeImpl         I CNTR4001I: The io.openliberty.sample.daytrader9.war EJB module in the io.openliberty.sample.daytrader9 application has started successfully.
[2/9/21 11:51:48:737 EST] 0000002b com.ibm.ws.webcontainer.osgi.webapp.WebGroup                 I SRVE0169I: Loading Web Module: DayTrader Web.
[2/9/21 11:51:48:741 EST] 0000002b com.ibm.ws.webcontainer                                      I SRVE0250I: Web Module DayTrader Web has been bound to default_host.
[2/9/21 11:51:48:744 EST] 0000002b com.ibm.ws.http.internal.VirtualHostImpl                     A CWWKT0016I: Web application available (default_host): http://emmanuels-mbp.lan:9080/daytrader/
[2/9/21 11:51:48:787 EST] 00000024 com.ibm.ws.session.WASSessionCore                            I SESN0176I: A new session context will be created for application key default_host/daytrader
[2/9/21 11:51:48:809 EST] 00000024 com.ibm.ws.util                                              I SESN0172I: The session manager is using the Java default SecureRandom implementation for session ID generation.
[2/9/21 11:51:49:094 EST] 00000024 com.ibm.ws.wsoc.EndpointManager                              I CWWKH0046I: Adding a WebSocket ServerEndpoint with the following URI: /pingWebSocketJson
[2/9/21 11:51:49:096 EST] 00000024 com.ibm.ws.wsoc.EndpointManager                              I CWWKH0046I: Adding a WebSocket ServerEndpoint with the following URI: /pingTextAsync
[2/9/21 11:51:49:096 EST] 00000024 com.ibm.ws.wsoc.EndpointManager                              I CWWKH0046I: Adding a WebSocket ServerEndpoint with the following URI: /pingBinary
[2/9/21 11:51:49:096 EST] 00000024 com.ibm.ws.wsoc.EndpointManager                              I CWWKH0046I: Adding a WebSocket ServerEndpoint with the following URI: /pingTextSync
[2/9/21 11:51:49:096 EST] 00000024 com.ibm.ws.wsoc.EndpointManager                              I CWWKH0046I: Adding a WebSocket ServerEndpoint with the following URI: /marketsummary
[2/9/21 11:51:49:096 EST] 00000024 org.apache.myfaces.ee.MyFacesContainerInitializer            I Using org.apache.myfaces.ee.MyFacesContainerInitializer
[2/9/21 11:51:49:149 EST] 0000002e com.ibm.ws.webcontainer.osgi.mbeans.PluginGenerator          I SRVE9103I: A configuration file for a web server plugin was automatically generated for this server at /Users/emmanuel.ramos2@ibm.com/Documents/GitHub/sample.daytrader9/target/liberty/wlp/usr/servers/defaultServer/logs/state/plugin-cfg.xml.
[2/9/21 11:51:49:479 EST] 00000024 org.apache.myfaces.config.DefaultFacesConfigurationProvider  I Reading standard config META-INF/standard-faces-config.xml
[2/9/21 11:51:49:798 EST] 00000024 org.apache.myfaces.config.DefaultFacesConfigurationProvider  I Found jakarta.faces.application.ApplicationFactory factory implementation: com.ibm.ws.jsf.config.WASApplicationFactoryImpl
[2/9/21 11:51:49:803 EST] 00000024 org.apache.myfaces.config.DefaultFacesConfigurationProvider  I Reading config /WEB-INF/faces-config.xml
[2/9/21 11:51:50:092 EST] 00000024 org.apache.myfaces.spi.impl.DefaultInjectionProviderFactory  I Using InjectionProvider com.ibm.ws.jsf.spi.impl.WASCDIAnnotationDelegateInjectionProvider
[2/9/21 11:51:50:308 EST] 00000024 org.apache.myfaces.util.ExternalSpecifications               I MyFaces Core CDI support enabled
[2/9/21 11:51:50:316 EST] 00000024 org.apache.myfaces.util.ExternalSpecifications               I MyFaces Core Bean Validation support enabled
[2/9/21 11:51:50:596 EST] 00000024 org.apache.myfaces.config.FacesConfigurator                  I Serialization provider : class org.apache.myfaces.shared_impl.util.serial.DefaultSerialFactory
[2/9/21 11:51:50:679 EST] 00000024 org.apache.myfaces.webapp.AbstractFacesInitializer           I ServletContext initialized.
[2/9/21 11:51:50:685 EST] 00000024 org.apache.myfaces.webapp.WebConfigParamsLogger              I Tomahawk jar not available. Autoscrolling, DetectJavascript, AddResourceClass and CheckExtensionsFilter are disabled now.
[2/9/21 11:51:50:686 EST] 00000024 org.apache.myfaces.webapp.WebConfigParamsLogger              I Scanning for context init parameters not defined. It is not necessary to define them all into your web.xml, they are just provided here for informative purposes. To disable this messages set org.apache.myfaces.LOG_WEB_CONTEXT_PARAMS config param to 'false'
[2/9/21 11:51:50:686 EST] 00000024 org.apache.myfaces.webapp.WebConfigParamsLogger              I No context init parameter 'jakarta.faces.RESOURCE_EXCLUDES' found, using default value '.class .jsp .jspx .properties .xhtml .groovy'.
[2/9/21 11:51:50:688 EST] 00000024 org.apache.myfaces.webapp.WebConfigParamsLogger              I No context init parameter 'jakarta.faces.FULL_STATE_SAVING_VIEW_IDS' found.
[2/9/21 11:51:50:688 EST] 00000024 org.apache.myfaces.webapp.WebConfigParamsLogger              I No context init parameter 'jakarta.faces.PARTIAL_STATE_SAVING' found, using default value 'true (false with 1.2 webapps)'.
[2/9/21 11:51:50:689 EST] 00000024 org.apache.myfaces.webapp.WebConfigParamsLogger              I No context init parameter 'jakarta.faces.SERIALIZE_SERVER_STATE' found, using default value 'false'.
[2/9/21 11:51:50:689 EST] 00000024 org.apache.myfaces.webapp.WebConfigParamsLogger              I No context init parameter 'jakarta.faces.FACELETS_SUFFIX' found, using default value '.xhtml'.
[2/9/21 11:51:50:689 EST] 00000024 org.apache.myfaces.webapp.WebConfigParamsLogger              I No context init parameter 'jakarta.faces.FACELETS_VIEW_MAPPINGS' found.
[2/9/21 11:51:50:689 EST] 00000024 org.apache.myfaces.webapp.WebConfigParamsLogger              I No context init parameter 'jakarta.faces.DISABLE_FACELET_JSF_VIEWHANDLER' found.
[2/9/21 11:51:50:689 EST] 00000024 org.apache.myfaces.webapp.WebConfigParamsLogger              I No context init parameter 'jakarta.faces.FACELETS_BUFFER_SIZE' found, using default value '1024'.
[2/9/21 11:51:50:689 EST] 00000024 org.apache.myfaces.webapp.WebConfigParamsLogger              I No context init parameter 'jakarta.faces.FACELETS_DECORATORS' found.
[2/9/21 11:51:50:689 EST] 00000024 org.apache.myfaces.webapp.WebConfigParamsLogger              I No context init parameter 'jakarta.faces.FACELETS_LIBRARIES' found.
[2/9/21 11:51:50:689 EST] 00000024 org.apache.myfaces.webapp.WebConfigParamsLogger              I No context init parameter 'jakarta.faces.FACELETS_REFRESH_PERIOD' found, using default value '-1'.
[2/9/21 11:51:50:690 EST] 00000024 org.apache.myfaces.webapp.WebConfigParamsLogger              I No context init parameter 'jakarta.faces.FACELETS_SKIP_COMMENTS' found.
[2/9/21 11:51:50:690 EST] 00000024 org.apache.myfaces.webapp.WebConfigParamsLogger              I No context init parameter 'jakarta.faces.HONOR_CURRENT_COMPONENT_ATTRIBUTES' found, using default value 'false'.
[2/9/21 11:51:50:690 EST] 00000024 org.apache.myfaces.webapp.WebConfigParamsLogger              I No context init parameter 'jakarta.faces.VALIDATE_EMPTY_FIELDS' found, using default value 'auto'.
[2/9/21 11:51:50:690 EST] 00000024 org.apache.myfaces.webapp.WebConfigParamsLogger              I No context init parameter 'jakarta.faces.INTERPRET_EMPTY_STRING_SUBMITTED_VALUES_AS_NULL' found, using default value 'false'.
[2/9/21 11:51:50:690 EST] 00000024 org.apache.myfaces.webapp.WebConfigParamsLogger              I No context init parameter 'org.apache.myfaces.CLEAR_INPUT_WHEN_SUBMITTED_VALUE_IS_NULL_OR_EMPTY' found, using default value 'true'.
[2/9/21 11:51:50:690 EST] 00000024 org.apache.myfaces.webapp.WebConfigParamsLogger              I No context init parameter 'jakarta.faces.ALWAYS_PERFORM_VALIDATION_WHEN_REQUIRED_IS_TRUE' found, using default value 'false'.
[2/9/21 11:51:50:690 EST] 00000024 org.apache.myfaces.webapp.WebConfigParamsLogger              I No context init parameter 'jakarta.faces.VIEWROOT_PHASE_LISTENER_QUEUES_EXCEPTIONS' found, using default value 'false'.
[2/9/21 11:51:50:691 EST] 00000024 org.apache.myfaces.webapp.WebConfigParamsLogger              I No context init parameter 'jakarta.faces.DATETIMECONVERTER_DEFAULT_TIMEZONE_IS_SYSTEM_TIMEZONE' found, using default value 'false'.
[2/9/21 11:51:50:691 EST] 00000024 org.apache.myfaces.webapp.WebConfigParamsLogger              I No context init parameter 'org.apache.myfaces.ENUM_CONVERTER_ALLOW_STRING_PASSTROUGH' found, using default value 'false'.
[2/9/21 11:51:50:691 EST] 00000024 org.apache.myfaces.webapp.WebConfigParamsLogger              I No context init parameter 'jakarta.faces.validator.DISABLE_DEFAULT_BEAN_VALIDATOR' found, using default value 'true'.
[2/9/21 11:51:50:691 EST] 00000024 org.apache.myfaces.webapp.WebConfigParamsLogger              I No context init parameter 'jakarta.faces.validator.ENABLE_VALIDATE_WHOLE_BEAN' found, using default value 'false'.
[2/9/21 11:51:50:692 EST] 00000024 org.apache.myfaces.webapp.WebConfigParamsLogger              I No context init parameter 'jakarta.faces.CONFIG_FILES' found.
[2/9/21 11:51:50:692 EST] 00000024 org.apache.myfaces.webapp.WebConfigParamsLogger              I No context init parameter 'jakarta.faces.LIFECYCLE_ID' found.
[2/9/21 11:51:50:692 EST] 00000024 org.apache.myfaces.webapp.WebConfigParamsLogger              I No context init parameter 'jakarta.faces.DISABLE_FACESSERVLET_TO_XHTML' found.
[2/9/21 11:51:50:692 EST] 00000024 org.apache.myfaces.webapp.WebConfigParamsLogger              I No context init parameter 'org.apache.myfaces.CHECKED_VIEWID_CACHE_SIZE' found, using default value '500'.
[2/9/21 11:51:50:692 EST] 00000024 org.apache.myfaces.webapp.WebConfigParamsLogger              I No context init parameter 'org.apache.myfaces.CHECKED_VIEWID_CACHE_ENABLED' found, using default value 'true'.
[2/9/21 11:51:50:692 EST] 00000024 org.apache.myfaces.webapp.WebConfigParamsLogger              I No context init parameter 'org.apache.myfaces.CONFIG_REFRESH_PERIOD' found, using default value '2'.
[2/9/21 11:51:50:692 EST] 00000024 org.apache.myfaces.webapp.WebConfigParamsLogger              I No context init parameter 'org.apache.myfaces.RENDER_VIEWSTATE_ID' found, using default value 'true'.
[2/9/21 11:51:50:692 EST] 00000024 org.apache.myfaces.webapp.WebConfigParamsLogger              I No context init parameter 'org.apache.myfaces.STRICT_XHTML_LINKS' found, using default value 'true'.
[2/9/21 11:51:50:693 EST] 00000024 org.apache.myfaces.webapp.WebConfigParamsLogger              I No context init parameter 'org.apache.myfaces.RENDER_CLEAR_JAVASCRIPT_FOR_BUTTON' found, using default value 'false'.
[2/9/21 11:51:50:693 EST] 00000024 org.apache.myfaces.webapp.WebConfigParamsLogger              I No context init parameter 'org.apache.myfaces.RENDER_HIDDEN_FIELDS_FOR_LINK_PARAMS' found, using default value 'false'.
[2/9/21 11:51:50:693 EST] 00000024 org.apache.myfaces.webapp.WebConfigParamsLogger              I No context init parameter 'org.apache.myfaces.SAVE_FORM_SUBMIT_LINK_IE' found, using default value 'false'.
[2/9/21 11:51:50:693 EST] 00000024 org.apache.myfaces.webapp.WebConfigParamsLogger              I No context init parameter 'org.apache.myfaces.DELEGATE_FACES_SERVLET' found.
[2/9/21 11:51:50:694 EST] 00000024 org.apache.myfaces.webapp.WebConfigParamsLogger              I No context init parameter 'org.apache.myfaces.REFRESH_TRANSIENT_BUILD_ON_PSS' found, using default value 'auto'.
[2/9/21 11:51:50:694 EST] 00000024 org.apache.myfaces.webapp.WebConfigParamsLogger              I No context init parameter 'org.apache.myfaces.REFRESH_TRANSIENT_BUILD_ON_PSS_PRESERVE_STATE' found, using default value 'false'.
[2/9/21 11:51:50:694 EST] 00000024 org.apache.myfaces.webapp.WebConfigParamsLogger              I No context init parameter 'org.apache.myfaces.VALIDATE_XML' found.
[2/9/21 11:51:50:694 EST] 00000024 org.apache.myfaces.webapp.WebConfigParamsLogger              I No context init parameter 'org.apache.myfaces.WRAP_SCRIPT_CONTENT_WITH_XML_COMMENT_TAG' found, using default value 'false'.
[2/9/21 11:51:50:694 EST] 00000024 org.apache.myfaces.webapp.WebConfigParamsLogger              I No context init parameter 'org.apache.myfaces.DEBUG_PHASE_LISTENER' found.
[2/9/21 11:51:50:695 EST] 00000024 org.apache.myfaces.webapp.WebConfigParamsLogger              I No context init parameter 'org.apache.myfaces.STRICT_JSF_2_CC_EL_RESOLVER' found, using default value 'false'.
[2/9/21 11:51:50:695 EST] 00000024 org.apache.myfaces.webapp.WebConfigParamsLogger              I No context init parameter 'org.apache.myfaces.DEFAULT_RESPONSE_WRITER_CONTENT_TYPE_MODE' found, using default value 'text/html'.
[2/9/21 11:51:50:695 EST] 00000024 org.apache.myfaces.webapp.WebConfigParamsLogger              I No context init parameter 'org.apache.myfaces.VIEW_UNIQUE_IDS_CACHE_ENABLED' found, using default value 'true'.
[2/9/21 11:51:50:695 EST] 00000024 org.apache.myfaces.webapp.WebConfigParamsLogger              I No context init parameter 'org.apache.myfaces.COMPONENT_UNIQUE_IDS_CACHE_SIZE' found, using default value '100'.
[2/9/21 11:51:50:695 EST] 00000024 org.apache.myfaces.webapp.WebConfigParamsLogger              I No context init parameter 'org.apache.myfaces.SUPPORT_JSP_AND_FACES_EL' found, using default value 'true'.
[2/9/21 11:51:50:695 EST] 00000024 org.apache.myfaces.webapp.WebConfigParamsLogger              I No context init parameter 'org.apache.myfaces.SUPPORT_MANAGED_BEANS' found, using default value 'true'.
[2/9/21 11:51:50:695 EST] 00000024 org.apache.myfaces.webapp.WebConfigParamsLogger              I No context init parameter 'org.apache.myfaces.GAE_JSF_JAR_FILES' found.
[2/9/21 11:51:50:695 EST] 00000024 org.apache.myfaces.webapp.WebConfigParamsLogger              I No context init parameter 'org.apache.myfaces.GAE_JSF_ANNOTATIONS_JAR_FILES' found.
[2/9/21 11:51:50:695 EST] 00000024 org.apache.myfaces.webapp.WebConfigParamsLogger              I No context init parameter 'org.apache.myfaces.STRICT_JSF_2_VIEW_NOT_FOUND' found, using default value 'false'.
[2/9/21 11:51:50:695 EST] 00000024 org.apache.myfaces.webapp.WebConfigParamsLogger              I No context init parameter 'org.apache.myfaces.EARLY_FLUSH_ENABLED' found, using default value 'false'.
[2/9/21 11:51:50:696 EST] 00000024 org.apache.myfaces.webapp.WebConfigParamsLogger              I No context init parameter 'org.apache.myfaces.STRICT_JSF_2_FACELETS_COMPATIBILITY' found, using default value 'false'.
[2/9/21 11:51:50:696 EST] 00000024 org.apache.myfaces.webapp.WebConfigParamsLogger              I No context init parameter 'org.apache.myfaces.RENDER_FORM_VIEW_STATE_AT_BEGIN' found, using default value 'false'.
[2/9/21 11:51:50:696 EST] 00000024 org.apache.myfaces.webapp.WebConfigParamsLogger              I No context init parameter 'org.apache.myfaces.FLASH_SCOPE_DISABLED' found, using default value 'false'.
[2/9/21 11:51:50:696 EST] 00000024 org.apache.myfaces.webapp.WebConfigParamsLogger              I No context init parameter 'org.apache.myfaces.NUMBER_OF_VIEWS_IN_SESSION' found, using default value '20'.
[2/9/21 11:51:50:696 EST] 00000024 org.apache.myfaces.webapp.WebConfigParamsLogger              I No context init parameter 'org.apache.myfaces.NUMBER_OF_SEQUENTIAL_VIEWS_IN_SESSION' found, using default value '4'.
[2/9/21 11:51:50:696 EST] 00000024 org.apache.myfaces.webapp.WebConfigParamsLogger              I No context init parameter 'org.apache.myfaces.NUMBER_OF_FLASH_TOKENS_IN_SESSION' found.
[2/9/21 11:51:50:696 EST] 00000024 org.apache.myfaces.webapp.WebConfigParamsLogger              I No context init parameter 'org.apache.myfaces.FACES_FLOW_CLIENT_WINDOW_IDS_IN_SESSION' found.
[2/9/21 11:51:50:696 EST] 00000024 org.apache.myfaces.webapp.WebConfigParamsLogger              I No context init parameter 'org.apache.myfaces.SUPPORT_EL_3_IMPORT_HANDLER' found, using default value 'false'.
[2/9/21 11:51:50:697 EST] 00000024 org.apache.myfaces.webapp.WebConfigParamsLogger              I No context init parameter 'org.apache.myfaces.STRICT_JSF_2_ORIGIN_HEADER_APP_PATH' found, using default value 'false'.
[2/9/21 11:51:50:697 EST] 00000024 org.apache.myfaces.webapp.WebConfigParamsLogger              I No context init parameter 'org.apache.myfaces.ALWAYS_FORCE_SESSION_CREATION' found, using default value 'true'.
[2/9/21 11:51:50:697 EST] 00000024 org.apache.myfaces.webapp.WebConfigParamsLogger              I No context init parameter 'org.apache.myfaces.RESOURCE_MAX_TIME_EXPIRES' found, using default value '604800000'.
[2/9/21 11:51:50:697 EST] 00000024 org.apache.myfaces.webapp.WebConfigParamsLogger              I No context init parameter 'org.apache.myfaces.RESOURCE_HANDLER_CACHE_SIZE' found, using default value '500'.
[2/9/21 11:51:50:697 EST] 00000024 org.apache.myfaces.webapp.WebConfigParamsLogger              I No context init parameter 'org.apache.myfaces.RESOURCE_HANDLER_CACHE_ENABLED' found, using default value 'true'.
[2/9/21 11:51:50:697 EST] 00000024 org.apache.myfaces.webapp.WebConfigParamsLogger              I No context init parameter 'org.apache.myfaces.USE_ENCRYPTION' found, using default value 'true'.
[2/9/21 11:51:50:698 EST] 00000024 org.apache.myfaces.webapp.WebConfigParamsLogger              I No context init parameter 'org.apache.myfaces.SECRET' found.
[2/9/21 11:51:50:698 EST] 00000024 org.apache.myfaces.webapp.WebConfigParamsLogger              I No context init parameter 'org.apache.myfaces.ALGORITHM' found, using default value 'DES'.
[2/9/21 11:51:50:698 EST] 00000024 org.apache.myfaces.webapp.WebConfigParamsLogger              I No context init parameter 'org.apache.myfaces.SECRET.CACHE' found.
[2/9/21 11:51:50:698 EST] 00000024 org.apache.myfaces.webapp.WebConfigParamsLogger              I No context init parameter 'org.apache.myfaces.ALGORITHM.IV' found.
[2/9/21 11:51:50:698 EST] 00000024 org.apache.myfaces.webapp.WebConfigParamsLogger              I No context init parameter 'org.apache.myfaces.ALGORITHM.PARAMETERS' found, using default value 'ECB/PKCS5Padding'.
[2/9/21 11:51:50:698 EST] 00000024 org.apache.myfaces.webapp.WebConfigParamsLogger              I No context init parameter 'org.apache.myfaces.SERIAL_FACTORY' found.
[2/9/21 11:51:50:698 EST] 00000024 org.apache.myfaces.webapp.WebConfigParamsLogger              I No context init parameter 'org.apache.myfaces.COMPRESS_STATE_IN_CLIENT' found, using default value 'false'.
[2/9/21 11:51:50:698 EST] 00000024 org.apache.myfaces.webapp.WebConfigParamsLogger              I No context init parameter 'org.apache.myfaces.MAC_ALGORITHM' found, using default value 'HmacSHA1'.
[2/9/21 11:51:50:699 EST] 00000024 org.apache.myfaces.webapp.WebConfigParamsLogger              I No context init parameter 'org.apache.myfaces.MAC_SECRET' found.
[2/9/21 11:51:50:699 EST] 00000024 org.apache.myfaces.webapp.WebConfigParamsLogger              I No context init parameter 'org.apache.myfaces.MAC_SECRET.CACHE' found.
[2/9/21 11:51:50:699 EST] 00000024 org.apache.myfaces.webapp.WebConfigParamsLogger              I No context init parameter 'org.apache.myfaces.LAZY_LOAD_CONFIG_OBJECTS' found, using default value 'true'.
[2/9/21 11:51:50:699 EST] 00000024 org.apache.myfaces.webapp.WebConfigParamsLogger              I No context init parameter 'org.apache.myfaces.STRICT_JSF_2_ALLOW_SLASH_LIBRARY_NAME' found, using default value 'false'.
[2/9/21 11:51:50:699 EST] 00000024 org.apache.myfaces.webapp.WebConfigParamsLogger              I No context init parameter 'org.apache.myfaces.RESOURCE_BUFFER_SIZE' found, using default value '2048'.
[2/9/21 11:51:50:699 EST] 00000024 org.apache.myfaces.webapp.WebConfigParamsLogger              I No context init parameter 'org.apache.myfaces.RANDOM_KEY_IN_CSRF_SESSION_TOKEN' found, using default value 'none'.
[2/9/21 11:51:50:700 EST] 00000024 org.apache.myfaces.webapp.WebConfigParamsLogger              I No context init parameter 'org.apache.myfaces.RANDOM_KEY_IN_CSRF_SESSION_TOKEN_LENGTH' found, using default value '16'.
[2/9/21 11:51:50:700 EST] 00000024 org.apache.myfaces.webapp.WebConfigParamsLogger              I No context init parameter 'org.apache.myfaces.RANDOM_KEY_IN_CSRF_SESSION_TOKEN_SECURE_RANDOM_CLASS' found.
[2/9/21 11:51:50:700 EST] 00000024 org.apache.myfaces.webapp.WebConfigParamsLogger              I No context init parameter 'org.apache.myfaces.RANDOM_KEY_IN_CSRF_SESSION_TOKEN_SECURE_RANDOM_PROVIDER' found.
[2/9/21 11:51:50:700 EST] 00000024 org.apache.myfaces.webapp.WebConfigParamsLogger              I No context init parameter 'org.apache.myfaces.RANDOM_KEY_IN_CSRF_SESSION_TOKEN_SECURE_RANDOM_ALGORITM' found, using default value 'SHA1PRNG'.
[2/9/21 11:51:50:700 EST] 00000024 org.apache.myfaces.webapp.WebConfigParamsLogger              I No context init parameter 'org.apache.myfaces.CLIENT_VIEW_STATE_TIMEOUT' found, using default value '0'.
[2/9/21 11:51:50:700 EST] 00000024 org.apache.myfaces.webapp.WebConfigParamsLogger              I No context init parameter 'org.apache.myfaces.SERIALIZE_STATE_IN_SESSION' found, using default value 'false'.
[2/9/21 11:51:50:700 EST] 00000024 org.apache.myfaces.webapp.WebConfigParamsLogger              I No context init parameter 'org.apache.myfaces.COMPRESS_STATE_IN_SESSION' found, using default value 'true'.
[2/9/21 11:51:50:700 EST] 00000024 org.apache.myfaces.webapp.WebConfigParamsLogger              I No context init parameter 'org.apache.myfaces.USE_FLASH_SCOPE_PURGE_VIEWS_IN_SESSION' found, using default value 'false'.
[2/9/21 11:51:50:701 EST] 00000024 org.apache.myfaces.webapp.WebConfigParamsLogger              I No context init parameter 'org.apache.myfaces.RANDOM_KEY_IN_VIEW_STATE_SESSION_TOKEN' found, using default value 'random'.
[2/9/21 11:51:50:701 EST] 00000024 org.apache.myfaces.webapp.WebConfigParamsLogger              I No context init parameter 'org.apache.myfaces.RANDOM_KEY_IN_VIEW_STATE_SESSION_TOKEN_LENGTH' found, using default value '8'.
[2/9/21 11:51:50:701 EST] 00000024 org.apache.myfaces.webapp.WebConfigParamsLogger              I No context init parameter 'org.apache.myfaces.RANDOM_KEY_IN_VIEW_STATE_SESSION_TOKEN_SECURE_RANDOM_CLASS' found.
[2/9/21 11:51:50:701 EST] 00000024 org.apache.myfaces.webapp.WebConfigParamsLogger              I No context init parameter 'org.apache.myfaces.RANDOM_KEY_IN_VIEW_STATE_SESSION_TOKEN_SECURE_RANDOM_PROVIDER' found.
[2/9/21 11:51:50:701 EST] 00000024 org.apache.myfaces.webapp.WebConfigParamsLogger              I No context init parameter 'org.apache.myfaces.RANDOM_KEY_IN_VIEW_STATE_SESSION_TOKEN_SECURE_RANDOM_ALGORITM' found, using default value 'SHA1PRNG'.
[2/9/21 11:51:50:701 EST] 00000024 org.apache.myfaces.webapp.WebConfigParamsLogger              I No context init parameter 'facelets.LIBRARIES' found.
[2/9/21 11:51:50:701 EST] 00000024 org.apache.myfaces.webapp.WebConfigParamsLogger              I No context init parameter 'org.apache.myfaces.VALIDATE' found, using default value 'false'.
[2/9/21 11:51:50:701 EST] 00000024 org.apache.myfaces.webapp.WebConfigParamsLogger              I No context init parameter 'org.apache.myfaces.annotation.USE_CDI_FOR_ANNOTATION_SCANNING' found.
[2/9/21 11:51:50:702 EST] 00000024 org.apache.myfaces.webapp.WebConfigParamsLogger              I No context init parameter 'org.apache.myfaces.annotation.SCAN_PACKAGES' found.
[2/9/21 11:51:50:702 EST] 00000024 org.apache.myfaces.webapp.WebConfigParamsLogger              I No context init parameter 'org.apache.myfaces.config.annotation.LifecycleProvider' found.
[2/9/21 11:51:50:702 EST] 00000024 org.apache.myfaces.webapp.WebConfigParamsLogger              I No context init parameter 'jakarta.faces.WEBSOCKET_ENDPOINT_PORT' found.
[2/9/21 11:51:50:702 EST] 00000024 org.apache.myfaces.webapp.WebConfigParamsLogger              I No context init parameter 'org.apache.myfaces.INITIALIZE_SKIP_JAR_FACES_CONFIG_SCAN' found, using default value 'false'.
[2/9/21 11:51:50:702 EST] 00000024 org.apache.myfaces.webapp.WebConfigParamsLogger              I No context init parameter 'org.apache.myfaces.EL_RESOLVER_COMPARATOR' found.
[2/9/21 11:51:50:702 EST] 00000024 org.apache.myfaces.webapp.WebConfigParamsLogger              I No context init parameter 'org.apache.myfaces.EL_RESOLVER_PREDICATE' found.
[2/9/21 11:51:50:702 EST] 00000024 org.apache.myfaces.webapp.WebConfigParamsLogger              I No context init parameter 'org.apache.myfaces.DEFAULT_WINDOW_MODE' found, using default value 'url'.
[2/9/21 11:51:50:702 EST] 00000024 org.apache.myfaces.webapp.WebConfigParamsLogger              I No context init parameter 'org.apache.myfaces.WEBSOCKET_MAX_IDLE_TIMEOUT' found, using default value '300000'.
[2/9/21 11:51:50:702 EST] 00000024 org.apache.myfaces.webapp.WebConfigParamsLogger              I No context init parameter 'org.apache.myfaces.RANDOM_KEY_IN_WEBSOCKET_SESSION_TOKEN' found, using default value 'none'.
[2/9/21 11:51:50:703 EST] 00000024 org.apache.myfaces.webapp.WebConfigParamsLogger              I No context init parameter 'org.apache.myfaces.ERROR_TEMPLATE_RESOURCE' found, using default value 'META-INF/rsc/myfaces-dev-error.xml'.
[2/9/21 11:51:50:703 EST] 00000024 org.apache.myfaces.webapp.WebConfigParamsLogger              I No context init parameter 'org.apache.myfaces.DEBUG_TEMPLATE_RESOURCE' found, using default value 'META-INF/rsc/myfaces-dev-debug.xml'.
[2/9/21 11:51:50:703 EST] 00000024 org.apache.myfaces.webapp.WebConfigParamsLogger              I No context init parameter 'org.apache.myfaces.ERROR_HANDLING' found, using default value 'false, on Development Project stage: true'.
[2/9/21 11:51:50:703 EST] 00000024 org.apache.myfaces.webapp.WebConfigParamsLogger              I No context init parameter 'org.apache.myfaces.AUTOCOMPLETE_OFF_VIEW_STATE' found, using default value 'true'.
[2/9/21 11:51:50:703 EST] 00000024 org.apache.myfaces.webapp.WebConfigParamsLogger              I No context init parameter 'org.apache.myfaces.USE_MULTIPLE_JS_FILES_FOR_JSF_UNCOMPRESSED_JS' found, using default value 'false'.
[2/9/21 11:51:50:703 EST] 00000024 org.apache.myfaces.webapp.WebConfigParamsLogger              I No context init parameter 'org.apache.myfaces.JSF_JS_MODE' found, using default value 'normal'.
[2/9/21 11:51:50:703 EST] 00000024 org.apache.myfaces.webapp.WebConfigParamsLogger              I No context init parameter 'org.apache.myfaces.TEMPORAL_RESOURCEHANDLER_CACHE_ENABLED' found, using default value 'false'.
[2/9/21 11:51:50:703 EST] 00000024 org.apache.myfaces.webapp.WebConfigParamsLogger              I No context init parameter 'org.apache.myfaces.SERVICE_PROVIDER_FINDER' found.
[2/9/21 11:51:50:703 EST] 00000024 org.apache.myfaces.webapp.WebConfigParamsLogger              I No context init parameter 'org.apache.myfaces.spi.InjectionProvider' found.
[2/9/21 11:51:50:704 EST] 00000024 org.apache.myfaces.webapp.WebConfigParamsLogger              I No context init parameter 'jakarta.faces.DISABLE_FACELET_JSF_VIEWHANDLER' found, using default value 'false'.
[2/9/21 11:51:50:704 EST] 00000024 org.apache.myfaces.webapp.WebConfigParamsLogger              I No context init parameter 'org.apache.myfaces.CHECK_ID_PRODUCTION_MODE' found, using default value 'auto'.
[2/9/21 11:51:50:704 EST] 00000024 org.apache.myfaces.webapp.WebConfigParamsLogger              I No context init parameter 'facelets.BUFFER_SIZE' found.
[2/9/21 11:51:50:704 EST] 00000024 org.apache.myfaces.webapp.WebConfigParamsLogger              I No context init parameter 'facelets.REFRESH_PERIOD' found, using default value '-1'.
[2/9/21 11:51:50:704 EST] 00000024 org.apache.myfaces.webapp.WebConfigParamsLogger              I No context init parameter 'jakarta.faces.FACELETS_RESOURCE_RESOLVER' found.
[2/9/21 11:51:50:705 EST] 00000024 org.apache.myfaces.webapp.WebConfigParamsLogger              I No context init parameter 'facelets.RESOURCE_RESOLVER' found.
[2/9/21 11:51:50:705 EST] 00000024 org.apache.myfaces.webapp.WebConfigParamsLogger              I No context init parameter 'org.apache.myfaces.MARK_INITIAL_STATE_WHEN_APPLY_BUILD_VIEW' found, using default value 'false'.
[2/9/21 11:51:50:705 EST] 00000024 org.apache.myfaces.webapp.WebConfigParamsLogger              I No context init parameter 'facelets.DECORATORS' found.
[2/9/21 11:51:50:705 EST] 00000024 org.apache.myfaces.webapp.WebConfigParamsLogger              I No context init parameter 'facelets.SKIP_COMMENTS' found.
[2/9/21 11:51:50:705 EST] 00000024 org.apache.myfaces.webapp.WebConfigParamsLogger              I No context init parameter 'org.apache.myfaces.WRAP_TAG_EXCEPTIONS_AS_CONTEXT_AWARE' found, using default value 'true'.
[2/9/21 11:51:50:706 EST] 00000024 org.apache.myfaces.webapp.WebConfigParamsLogger              I No context init parameter 'org.apache.myfaces.CACHE_EL_EXPRESSIONS' found, using default value 'noCache'.
[2/9/21 11:51:50:706 EST] 00000024 org.apache.myfaces.webapp.WebConfigParamsLogger              I No context init parameter 'org.apache.myfaces.VIEW_POOL_MAX_POOL_SIZE' found, using default value '5'.
[2/9/21 11:51:50:706 EST] 00000024 org.apache.myfaces.webapp.WebConfigParamsLogger              I No context init parameter 'org.apache.myfaces.VIEW_POOL_MAX_DYNAMIC_PARTIAL_LIMIT' found, using default value '2'.
[2/9/21 11:51:50:706 EST] 00000024 org.apache.myfaces.webapp.WebConfigParamsLogger              I No context init parameter 'org.apache.myfaces.VIEW_POOL_ENTRY_MODE' found, using default value 'soft'.
[2/9/21 11:51:50:706 EST] 00000024 org.apache.myfaces.webapp.WebConfigParamsLogger              I No context init parameter 'org.apache.myfaces.VIEW_POOL_DEFERRED_NAVIGATION' found, using default value 'false'.
[2/9/21 11:51:50:706 EST] 00000024 org.apache.myfaces.webapp.WebConfigParamsLogger              I No context init parameter 'org.apache.myfaces.validator.BEAN_BEFORE_JSF_VALIDATION' found, using default value 'false'.
[2/9/21 11:51:50:706 EST] 00000024 org.apache.myfaces.webapp.WebConfigParamsLogger              I No context init parameter 'org.apache.myfaces.JSP_SUFFIX' found, using default value '.jsp'.
[2/9/21 11:51:50:706 EST] 00000024 org.apache.myfaces.webapp.WebConfigParamsLogger              I No context init parameter 'org.apache.myfaces.EXPRESSION_FACTORY' found.
[2/9/21 11:51:50:707 EST] 00000024 org.apache.myfaces.webapp.WebConfigParamsLogger              I No context init parameter 'org.apache.myfaces.INITIALIZE_ALWAYS_STANDALONE' found, using default value 'false'.
[2/9/21 11:51:50:707 EST] 00000024 org.apache.myfaces.webapp.WebConfigParamsLogger              I No context init parameter 'org.apache.myfaces.LOG_WEB_CONTEXT_PARAMS' found, using default value 'auto'.
[2/9/21 11:51:50:707 EST] 00000024 org.apache.myfaces.webapp.WebConfigParamsLogger              I No context init parameter 'org.apache.myfaces.AUTOMATIC_EXTENSIONLESS_MAPPING' found, using default value 'false'.
[2/9/21 11:51:50:707 EST] 00000024 org.apache.myfaces.webapp.WebConfigParamsLogger              I No context init parameter 'org.apache.myfaces.FACES_INITIALIZER' found.
[2/9/21 11:51:50:707 EST] 00000024 org.apache.myfaces.webapp.WebConfigParamsLogger              I No context init parameter 'org.apache.myfaces.FACES_INIT_PLUGINS' found.
[2/9/21 11:51:50:715 EST] 00000024 org.apache.myfaces.view.facelets.ViewPoolProcessor           I org.apache.myfaces.CACHE_EL_EXPRESSIONS web config parameter is set to "noCache". To enable view pooling this param must be set to "alwaysRecompile". View Pooling disabled.
[2/9/21 11:51:50:746 EST] 00000024 org.apache.myfaces.webapp.StartupServletContextListener      I MyFaces Core has started, it took [1597] ms.
[2/9/21 11:51:50:760 EST] 00000024 SystemOut                                                    O Settings from daytrader.properties: {marketSummaryInterval=20, listQuotePriceChangeFrequency=100, orderProcessingMode=0, runtimeMode=0, maxQuotes=10000, webInterface=0, longRun=true, primIterations=1, maxUsers=15000, displayOrderAlerts=true, publishQuotePriceChange=true}
[2/9/21 11:51:50:762 EST] 00000024 SystemOut                                                    O Running in Full EJB3 Mode
[2/9/21 11:51:50:763 EST] 00000024 SystemOut                                                    O Running in Sync Order Processing Mode
[2/9/21 11:51:50:763 EST] 00000024 SystemOut                                                    O MAX_USERS = 15000 users
[2/9/21 11:51:50:763 EST] 00000024 SystemOut                                                    O MAX_QUOTES = 10000 quotes
[2/9/21 11:51:50:767 EST] 00000024 com.ibm.ws.app.manager.AppMessageHelper                      A CWWKZ0001I: Application io.openliberty.sample.daytrader9 started in 11.349 seconds.
[2/9/21 11:51:50:820 EST] 0000001f com.ibm.ws.tcpchannel.internal.TCPPort                       I CWWKO0219I: TCP Channel defaultHttpEndpoint has been started and is now listening for requests on host *  (IPv6) port 9080.
[2/9/21 11:51:50:825 EST] 0000001f com.ibm.ws.tcpchannel.internal.TCPPort                       I CWWKO0219I: TCP Channel wasJmsEndpoint322 has been started and is now listening for requests on host localhost  (IPv4: 127.0.0.1) port 7276.
[2/9/21 11:51:50:827 EST] 0000001f com.ibm.ws.tcpchannel.internal.TCPPort                       I CWWKO0219I: TCP Channel defaultHttpEndpoint-ssl has been started and is now listening for requests on host *  (IPv6) port 9443.
[2/9/21 11:51:50:829 EST] 0000001f com.ibm.ws.tcpchannel.internal.TCPPort                       I CWWKO0219I: TCP Channel wasJmsEndpoint322-ssl has been started and is now listening for requests on host localhost  (IPv4: 127.0.0.1) port 7286.
[2/9/21 11:51:50:947 EST] 00000024 com.ibm.ws.webcontainer.servlet                              I SRVE0242I: [io.openliberty.sample.daytrader9] [/daytrader] [Faces Servlet]: Initialization successful.
[2/9/21 11:51:51:080 EST] 0000001f com.ibm.ws.sib.utils.ras.SibMessage                          I  CWSIV0777I: A connection to messaging engine defaultME for destination TradeTopicSpace on bus defaultBus has been successfully created.
[2/9/21 11:51:51:081 EST] 0000001f com.ibm.ws.sib.utils.ras.SibMessage                          I  CWSIV0556I: Connection to the Messaging Engine was successful. The message-driven bean with activation specification io.openliberty.sample.daytrader9/DTStreamer3MDB will now be able to receive the messages from destination TradeTopicSpace.
[2/9/21 11:51:51:082 EST] 0000001f com.ibm.ws.jca.service.EndpointActivationService             I J2CA8801I: The message endpoint for activation specification io.openliberty.sample.daytrader9/DTStreamer3MDB and message driven bean application io.openliberty.sample.daytrader9#io.openliberty.sample.daytrader9.war#DTStreamer3MDB is activated.
[2/9/21 11:51:51:118 EST] 0000001f com.ibm.ws.sib.utils.ras.SibMessage                          I  CWSIV0777I: A connection to messaging engine defaultME for destination TradeBrokerQueue on bus defaultBus has been successfully created.
[2/9/21 11:51:51:119 EST] 0000001f com.ibm.ws.sib.utils.ras.SibMessage                          I  CWSIV0556I: Connection to the Messaging Engine was successful. The message-driven bean with activation specification io.openliberty.sample.daytrader9/DTBroker3MDB will now be able to receive the messages from destination TradeBrokerQueue.
[2/9/21 11:51:51:119 EST] 0000001f com.ibm.ws.jca.service.EndpointActivationService             I J2CA8801I: The message endpoint for activation specification io.openliberty.sample.daytrader9/DTBroker3MDB and message driven bean application io.openliberty.sample.daytrader9#io.openliberty.sample.daytrader9.war#DTBroker3MDB is activated.
[2/9/21 11:51:51:172 EST] 0000001f com.ibm.ws.kernel.feature.internal.FeatureManager            A CWWKF0012I: The server installed the following features: [beanValidation-3.0, cdi-3.0, concurrent-2.0, connectors-2.0, enterpriseBeans-4.0, enterpriseBeansHome-4.0, enterpriseBeansLite-4.0, enterpriseBeansPersistentTimer-4.0, enterpriseBeansRemote-4.0, expressionLanguage-4.0, faces-3.0, jdbc-4.2, jndi-1.0, jsonb-2.0, jsonp-2.0, mdb-4.0, messagingClient-3.0, messagingServer-3.0, pages-3.0, persistence-3.0, persistenceContainer-3.0, restfulWS-3.0, restfulWSClient-3.0, servlet-5.0, ssl-1.0, websocket-2.0, xmlBinding-3.0].
[2/9/21 11:51:51:173 EST] 0000001f com.ibm.ws.kernel.feature.internal.FeatureManager            I CWWKF0008I: Feature update completed in 19.540 seconds.
[2/9/21 11:51:51:173 EST] 0000001f com.ibm.ws.kernel.feature.internal.FeatureManager            A CWWKF0011I: The defaultServer server is ready to run a smarter planet. The defaultServer server started in 22.056 seconds.
[2/9/21 11:51:51:573 EST] 00000024 org.jboss.resteasy.resteasy_jaxrs.i18n                       I RESTEASY002225: Deploying jakarta.ws.rs.core.Application: class com.ibm.websphere.samples.daytrader.jaxrs.JAXRSApplication$Proxy$_$$_WeldClientProxy
[2/9/21 11:51:51:986 EST] 00000024 com.ibm.ws.webcontainer.servlet                              I SRVE0242I: [io.openliberty.sample.daytrader9] [/daytrader] [com.ibm.websphere.samples.daytrader.jaxrs.JAXRSApplication]: Initialization successful.
[2/9/21 11:52:00:141 EST] 0000001f eclipselink                                                  I CWWJP9990I: [eclipselink] EclipseLink, version: Eclipse Persistence Services - 3.0.0.v202012081010
[2/9/21 11:52:01:525 EST] 0000001f com.ibm.ws.rsadapter.impl.DatabaseHelper                     I DSRA8203I: Database product name : Apache Derby
[2/9/21 11:52:01:527 EST] 0000001f com.ibm.ws.rsadapter.impl.DatabaseHelper                     I DSRA8204I: Database product version : 10.14.2.0 - (1828579)
[2/9/21 11:52:01:527 EST] 0000001f com.ibm.ws.rsadapter.impl.DatabaseHelper                     I DSRA8205I: JDBC driver name  : Apache Derby Embedded JDBC Driver
[2/9/21 11:52:01:528 EST] 0000001f com.ibm.ws.rsadapter.impl.DatabaseHelper                     I DSRA8206I: JDBC driver version  : 10.14.2.0 - (1828579)
[2/9/21 14:54:34:836 EST] 0000000f com.ibm.ws.kernel.launch.internal.FrameworkManager           A CWWKE0085I: The server defaultServer is stopping because the JVM is exiting.
[2/9/21 14:54:35:052 EST] 000001ab com.ibm.ws.runtime.update.internal.RuntimeUpdateManagerImpl  A CWWKE1100I: Waiting for up to 30 seconds for the server to quiesce.
[2/9/21 14:54:35:199 EST] 000001a1 com.ibm.ws.tcpchannel.internal.TCPChannel                    I CWWKO0220I: TCP Channel defaultHttpEndpoint-ssl has stopped listening for requests on host *  (IPv6) port 9443.
[2/9/21 14:54:35:270 EST] 000001a1 com.ibm.ws.tcpchannel.internal.TCPChannel                    I CWWKO0220I: TCP Channel wasJmsEndpoint322 has stopped listening for requests on host localhost  (IPv4: 127.0.0.1) port 7276.
[2/9/21 14:54:35:322 EST] 000001a1 com.ibm.ws.tcpchannel.internal.TCPChannel                    I CWWKO0220I: TCP Channel defaultHttpEndpoint has stopped listening for requests on host *  (IPv6) port 9080.
[2/9/21 14:54:35:322 EST] 000001a1 com.ibm.ws.http.internal.VirtualHostImpl                     A CWWKT0017I: Web application removed (default_host): http://emmanuels-mbp.lan:9080/daytrader/
[2/9/21 14:54:35:327 EST] 000001a1 com.ibm.ws.tcpchannel.internal.TCPChannel                    I CWWKO0220I: TCP Channel wasJmsEndpoint322-ssl has stopped listening for requests on host localhost  (IPv4: 127.0.0.1) port 7286.
[2/9/21 14:54:35:340 EST] 0000018c .ibm.ws.ejbcontainer.mdb.internal.MessageEndpointFactoryImpl I CNTR4014I: The message endpoint for the DTStreamer3MDB message-driven bean has been deactivated and is unavailable to accept messages.
[2/9/21 14:54:35:361 EST] 0000018c com.ibm.ws.jca.service.EndpointActivationService             I J2CA8804I: The message endpoint for activation specification io.openliberty.sample.daytrader9/DTBroker3MDB and message driven bean application io.openliberty.sample.daytrader9#io.openliberty.sample.daytrader9.war#DTBroker3MDB is deactivated.
[2/9/21 14:54:35:362 EST] 0000018c .ibm.ws.ejbcontainer.mdb.internal.MessageEndpointFactoryImpl I CNTR4014I: The message endpoint for the DTBroker3MDB message-driven bean has been deactivated and is unavailable to accept messages.
[2/9/21 14:54:35:365 EST] 00000182 com.ibm.ws.jca.service.EndpointActivationService             I J2CA8804I: The message endpoint for activation specification io.openliberty.sample.daytrader9/DTStreamer3MDB and message driven bean application io.openliberty.sample.daytrader9#io.openliberty.sample.daytrader9.war#DTStreamer3MDB is deactivated.
[2/9/21 14:54:35:459 EST] 00000010 com.ibm.ws.kernel.launch.internal.ServerCommandListener      A CWWKE0055I: Server shutdown requested on Tuesday, February 9, 2021 at 2:54 PM. The server defaultServer is shutting down.
[2/9/21 14:54:36:339 EST] 000001ab com.ibm.ws.runtime.update.internal.RuntimeUpdateManagerImpl  I CWWKE1101I: Server quiesce complete.
[2/9/21 14:54:36:720 EST] 00000196 com.ibm.ws.ejbcontainer.osgi.internal.EJBRuntimeImpl         I CNTR4003I: The io.openliberty.sample.daytrader9.war EJB module in the io.openliberty.sample.daytrader9 application is stopping.
[2/9/21 14:54:36:758 EST] 00000196 com.ibm.ws.ejbcontainer.osgi.internal.EJBRuntimeImpl         I CNTR4004I: The io.openliberty.sample.daytrader9.war EJB module in the io.openliberty.sample.daytrader9 application has stopped successfully.
[2/9/21 14:54:36:868 EST] 00000196 com.ibm.ws.app.manager.AppMessageHelper                      A CWWKZ0009I: The application io.openliberty.sample.daytrader9 has stopped successfully.
[2/9/21 14:54:37:188 EST] 000001ab com.ibm.ws.transport.iiop.internal.ORBWrapperInternal        A CWWKI0002I: The CORBA name server is no longer available at corbaloc:iiop:localhost:2809/NameService.
[2/9/21 14:54:37:284 EST] 000001ab com.ibm.tx.jta.impl.FailureScopeController                   A WTRN0105I: The transaction service has shutdown successfully with no transactions requiring recovery.
[2/9/21 14:54:37:679 EST] 000001ab com.ibm.ws.sib.utils.ras.SibMessage                          I  CWSIS1589I: The file store has stopped successfully.
[2/9/21 14:54:37:937 EST] 000001ab com.ibm.ws.sib.utils.ras.SibMessage                          I  CWSID0121I: JMS server stopped.  
[2/9/21 14:54:38:380 EST] 00000001 com.ibm.ws.kernel.launch.internal.FrameworkManager           A CWWKE0036I: The server defaultServer stopped after 3 hours, 3 minutes, 9.131 seconds.
